c:\users\guillaume\source\repos\gpa434lab1\x64\debug\vc143.pdb
c:\users\guillaume\source\repos\gpa434lab1\x64\debug\vc143.idb
c:\users\guillaume\source\repos\gpa434lab1\x64\debug\threesampleswithoneexclusion.obj
c:\users\guillaume\source\repos\gpa434lab1\x64\debug\peakssolver.obj
c:\users\guillaume\source\repos\gpa434lab1\x64\debug\openboxsolver.obj
c:\users\guillaume\source\repos\gpa434lab1\x64\debug\interval.obj
c:\users\guillaume\source\repos\gpa434lab1\x64\debug\gpa434lab1.obj
c:\users\guillaume\source\repos\gpa434lab1\x64\debug\filename.obj
c:\users\guillaume\source\repos\gpa434lab1\x64\debug\factoryproductionsolver.obj
c:\users\guillaume\source\repos\gpa434lab1\x64\debug\differentialevolution.obj
c:\users\guillaume\source\repos\gpa434lab1\x64\debug\destatistics.obj
c:\users\guillaume\source\repos\gpa434lab1\x64\debug\desolutionbounds.obj
c:\users\guillaume\source\repos\gpa434lab1\x64\debug\desolution.obj
c:\users\guillaume\source\repos\gpa434lab1\x64\debug\depopulation.obj
c:\users\guillaume\source\repos\gpa434lab1\x64\debug\deparameters.obj
c:\users\guillaume\source\repos\gpa434lab1\x64\debug\gpa434lab1.exe
c:\users\guillaume\source\repos\gpa434lab1\x64\debug\gpa434lab1.ilk
c:\users\guillaume\source\repos\gpa434lab1\x64\debug\gpa434lab1.pdb
c:\users\guillaume\source\repos\gpa434lab1\x64\debug\gpa434lab1.tlog\cl.command.1.tlog
c:\users\guillaume\source\repos\gpa434lab1\x64\debug\gpa434lab1.tlog\cl.items.tlog
c:\users\guillaume\source\repos\gpa434lab1\x64\debug\gpa434lab1.tlog\cl.read.1.tlog
c:\users\guillaume\source\repos\gpa434lab1\x64\debug\gpa434lab1.tlog\cl.write.1.tlog
c:\users\guillaume\source\repos\gpa434lab1\x64\debug\gpa434lab1.tlog\link.command.1.tlog
c:\users\guillaume\source\repos\gpa434lab1\x64\debug\gpa434lab1.tlog\link.read.1.tlog
c:\users\guillaume\source\repos\gpa434lab1\x64\debug\gpa434lab1.tlog\link.write.1.tlog
